[2025-07-18 12:08:18] === Начало создания бэкапа ===
[2025-07-18 12:08:18] 1/3 Создание бэкапа БД...
[2025-07-18 12:08:18] 2/3 Архивирование данных API...
[2025-07-18 12:08:18] 3/3 Архивирование скриптов...
[2025-07-18 12:08:18] Очистка старых бэкапов (>30 дней)...
[2025-07-18 12:08:18] === Бэкап успешно создан ===
[2025-07-18 12:46:48] === Начало создания бэкапа ===
[2025-07-18 12:46:48] 1/3 Создание бэкапа БД...
[2025-07-18 12:46:48] 2/3 Архивирование данных API...
[2025-07-18 12:46:48] 3/3 Архивирование скриптов...
[2025-07-18 12:46:48] Очистка старых бэкапов (>30 дней)...
[2025-07-18 12:46:48] === Бэкап успешно создан ===
[2025-07-18 12:48:15] === Начало создания бэкапа ===
[2025-07-18 12:48:15] 1/3 Создание бэкапа БД...
[2025-07-18 12:48:15] 2/3 Архивирование данных API...
[2025-07-18 12:48:15] 3/3 Архивирование скриптов...
[2025-07-18 12:48:15] Очистка старых бэкапов (>30 дней)...
[2025-07-18 12:48:15] === Бэкап успешно создан ===
[2025-07-18 13:05:36] === Начало создания бэкапа ===
[2025-07-18 13:05:36] 1/3 Создание бэкапа БД...
[2025-07-18 13:05:36] 2/3 Архивирование данных API...
[2025-07-18 13:05:36] 3/3 Архивирование скриптов...
[2025-07-18 13:05:36] Очистка старых бэкапов (>30 дней)...
[2025-07-18 13:05:36] === Бэкап успешно создан ===
[2025-07-18 14:16:40] === Начало создания бэкапа ===
[2025-07-18 14:16:40] 1/3 Создание бэкапа БД...
[2025-07-18 14:16:40] 2/3 Архивирование данных API...
[2025-07-18 14:16:40] 3/3 Архивирование скриптов...
[2025-07-18 14:16:40] Очистка старых бэкапов (>30 дней)...
[2025-07-18 14:16:40] === Бэкап успешно создан ===
[2025-07-18 16:18:46] === Начало создания бэкапа ===
[2025-07-18 16:18:46] 1/3 Создание бэкапа БД...
[2025-07-18 16:18:46] 2/3 Архивирование данных API...
[2025-07-18 16:18:46] 3/3 Архивирование скриптов...
[2025-07-18 16:18:46] Очистка старых бэкапов (>30 дней)...
[2025-07-18 16:18:46] === Бэкап успешно создан ===
[2025-07-18 16:18:47] === Начало создания бэкапа ===
[2025-07-18 16:18:47] 1/3 Создание бэкапа БД...
[2025-07-18 16:18:47] 2/3 Архивирование данных API...
[2025-07-18 16:18:47] 3/3 Архивирование скриптов...
[2025-07-18 16:18:47] Очистка старых бэкапов (>30 дней)...
[2025-07-18 16:18:47] === Бэкап успешно создан ===
[2025-07-18 16:20:37] === Начало создания бэкапа ===
[2025-07-18 16:20:37] 1/3 Создание бэкапа БД...
[2025-07-18 16:20:37] 2/3 Архивирование данных API...
[2025-07-18 16:20:37] 3/3 Архивирование скриптов...
[2025-07-18 16:20:37] Очистка старых бэкапов (>30 дней)...
[2025-07-18 16:20:37] === Бэкап успешно создан ===
[2025-07-18 16:56:56] === Начало создания бэкапа ===
[2025-07-18 16:56:57] 1/3 Создание бэкапа БД...
[2025-07-18 16:56:57] 2/3 Архивирование данных API...
[2025-07-18 16:56:57] 3/3 Архивирование скриптов...
[2025-07-18 16:56:57] Очистка старых бэкапов (>30 дней)...
[2025-07-18 16:56:57] === Бэкап успешно создан ===
[2025-07-18 16:57:07] === Начало создания бэкапа ===
[2025-07-18 16:57:07] 1/3 Создание бэкапа БД...
[2025-07-18 16:57:07] 2/3 Архивирование данных API...
[2025-07-18 16:57:07] 3/3 Архивирование скриптов...
[2025-07-18 16:57:07] Очистка старых бэкапов (>30 дней)...
[2025-07-18 16:57:07] === Бэкап успешно создан ===
[2025-07-18 17:13:37] === Начало создания бэкапа ===
[2025-07-18 17:13:37] 1/3 Создание бэкапа БД...
[2025-07-18 17:13:37] 2/3 Архивирование данных API...
[2025-07-18 17:13:37] 3/3 Архивирование скриптов...
[2025-07-18 17:13:37] Очистка старых бэкапов (>30 дней)...
[2025-07-18 17:13:37] === Бэкап успешно создан ===
[2025-07-18 17:13:45] === Начало создания бэкапа ===
[2025-07-18 17:13:45] 1/3 Создание бэкапа БД...
[2025-07-18 17:13:45] 2/3 Архивирование данных API...
[2025-07-18 17:13:45] 3/3 Архивирование скриптов...
[2025-07-18 17:13:45] Очистка старых бэкапов (>30 дней)...
[2025-07-18 17:13:45] === Бэкап успешно создан ===
[2025-07-18 17:13:55] === Начало создания бэкапа ===
[2025-07-18 17:13:55] 1/3 Создание бэкапа БД...
[2025-07-18 17:13:55] 2/3 Архивирование данных API...
[2025-07-18 17:13:55] 3/3 Архивирование скриптов...
[2025-07-18 17:13:55] Очистка старых бэкапов (>30 дней)...
[2025-07-18 17:13:55] === Бэкап успешно создан ===
[2025-07-18 18:00:54] === Начало создания бэкапа ===
[2025-07-18 18:00:54] 1/3 Создание бэкапа БД...
[2025-07-18 18:00:55] 2/3 Архивирование данных API...
[2025-07-18 18:00:55] 3/3 Архивирование скриптов...
[2025-07-18 18:00:55] Очистка старых бэкапов (>30 дней)...
[2025-07-18 18:00:55] === Бэкап успешно создан ===
[2025-07-18 18:23:57] === Начало создания бэкапа ===
[2025-07-18 18:23:57] 1/3 Создание бэкапа БД...
[2025-07-18 18:23:57] 2/3 Архивирование данных API...
[2025-07-18 18:23:57] 3/3 Архивирование скриптов...
[2025-07-18 18:23:58] Очистка старых бэкапов (>30 дней)...
[2025-07-18 18:23:58] === Бэкап успешно создан ===
[2025-07-18 19:19:44] === Начало создания бэкапа ===
[2025-07-18 19:19:44] 1/3 Создание бэкапа БД...
[2025-07-18 19:19:44] 2/3 Архивирование данных API...
[2025-07-18 19:19:44] 3/3 Архивирование скриптов...
[2025-07-18 19:19:44] Очистка старых бэкапов (>30 дней)...
[2025-07-18 19:19:44] === Бэкап успешно создан ===
[2025-07-18 19:20:09] === Начало создания бэкапа ===
[2025-07-18 19:20:09] 1/3 Создание бэкапа БД...
[2025-07-18 19:20:09] 2/3 Архивирование данных API...
[2025-07-18 19:20:09] 3/3 Архивирование скриптов...
[2025-07-18 19:20:09] Очистка старых бэкапов (>30 дней)...
[2025-07-18 19:20:09] === Бэкап успешно создан ===
[2025-07-19 00:00:02] === Начало создания бэкапа ===
[2025-07-19 00:00:02] 1/3 Создание бэкапа БД...
[2025-07-19 00:00:02] 2/3 Архивирование данных API...
[2025-07-19 00:00:02] 3/3 Архивирование скриптов...
[2025-07-19 00:00:02] Очистка старых бэкапов (>30 дней)...
[2025-07-19 00:00:02] === Бэкап успешно создан ===
[2025-07-19 06:00:02] === Начало создания бэкапа ===
[2025-07-19 06:00:02] 1/3 Создание бэкапа БД...
[2025-07-19 06:00:02] 2/3 Архивирование данных API...
[2025-07-19 06:00:03] 3/3 Архивирование скриптов...
[2025-07-19 06:00:03] Очистка старых бэкапов (>30 дней)...
[2025-07-19 06:00:03] === Бэкап успешно создан ===
