Transferred:   	          0 B / 19.536 MiB, 0%, 0 B/s, ETA -
Transferred:            0 / 1, 0%
Elapsed time:         0.0s
Transferring:
 *          football_backup_20250725_0500.tar.gz:  0% /19.536Mi, 0/s, -Transferred:   	          0 B / 19.536 MiB, 0%, 0 B/s, ETA -
Transferred:            0 / 1, 0%
Elapsed time:         0.0s
Transferring:
 *          football_backup_20250725_0500.tar.gz:  0% /19.536Mi, 0/s, -Transferred:   	          0 B / 19.536 MiB, 0%, 0 B/s, ETA -
Transferred:            0 / 1, 0%
Elapsed time:         0.5s
Transferring:
 *          football_backup_20250725_0500.tar.gz:  0% /19.536Mi, 0/s, -Transferred:   	          0 B / 19.536 MiB, 0%, 0 B/s, ETA -
Transferred:            0 / 1, 0%
Elapsed time:         0.5s
Transferring:
 *          football_backup_20250725_0500.tar.gz:  0% /19.536Mi, 0/s, -Transferred:   	          0 B / 19.536 MiB, 0%, 0 B/s, ETA -
Transferred:            0 / 1, 0%
Elapsed time:         1.0s
Transferring:
 *          football_backup_20250725_0500.tar.gz:  0% /19.536Mi, 0/s, -Transferred:   	          0 B / 19.536 MiB, 0%, 0 B/s, ETA -
Transferred:            0 / 1, 0%
Elapsed time:         1.0s
Transferring:
 *          football_backup_20250725_0500.tar.gz:  0% /19.536Mi, 0/s, -Transferred:   	    1.027 MiB / 19.536 MiB, 5%, 0 B/s, ETA -
Transferred:            0 / 1, 0%
Elapsed time:         1.5s
Transferring:
 *          football_backup_20250725_0500.tar.gz:  5% /19.536Mi, 0/s, -Transferred:   	    1.027 MiB / 19.536 MiB, 5%, 0 B/s, ETA -
Transferred:            0 / 1, 0%
Elapsed time:         1.5s
Transferring:
 *          football_backup_20250725_0500.tar.gz:  5% /19.536Mi, 0/s, -Transferred:   	    2.246 MiB / 19.536 MiB, 11%, 1.123 MiB/s, ETA 15s
Transferred:            0 / 1, 0%
Elapsed time:         2.0s
Transferring:
 *          football_backup_20250725_0500.tar.gz: 11% /19.536Mi, 1.123Mi/s, 15sTransferred:   	    3.371 MiB / 19.536 MiB, 17%, 1.154 MiB/s, ETA 14s
Transferred:            0 / 1, 0%
Elapsed time:         2.0s
Transferring:
 *          football_backup_20250725_0500.tar.gz: 17% /19.536Mi, 1.154Mi/s, 14sTransferred:   	    4.746 MiB / 19.536 MiB, 24%, 1.154 MiB/s, ETA 12s
Transferred:            0 / 1, 0%
Elapsed time:         2.5s
Transferring:
 *          football_backup_20250725_0500.tar.gz: 24% /19.536Mi, 1.154Mi/s, 12sTransferred:   	    4.996 MiB / 19.536 MiB, 26%, 1.123 MiB/s, ETA 12s
Transferred:            0 / 1, 0%
Elapsed time:         2.5s
Transferring:
 *          football_backup_20250725_0500.tar.gz: 25% /19.536Mi, 1.123Mi/s, 12sTransferred:   	    6.340 MiB / 19.536 MiB, 32%, 2.113 MiB/s, ETA 6s
Transferred:            0 / 1, 0%
Elapsed time:         3.0s
Transferring:
 *          football_backup_20250725_0500.tar.gz: 32% /19.536Mi, 2.113Mi/s, 6sTransferred:   	    6.059 MiB / 19.536 MiB, 31%, 2.020 MiB/s, ETA 6s
Transferred:            0 / 1, 0%
Elapsed time:         3.0s
Transferring:
 *          football_backup_20250725_0500.tar.gz: 31% /19.536Mi, 2.020Mi/s, 6sTransferred:   	    7.340 MiB / 19.536 MiB, 38%, 2.020 MiB/s, ETA 6s
Transferred:            0 / 1, 0%
Elapsed time:         3.5s
Transferring:
 *          football_backup_20250725_0500.tar.gz: 37% /19.536Mi, 2.020Mi/s, 6sTransferred:   	    6.340 MiB / 19.536 MiB, 32%, 2.113 MiB/s, ETA 6s
Transferred:            0 / 1, 0%
Elapsed time:         3.5s
Transferring:
 *          football_backup_20250725_0500.tar.gz: 32% /19.536Mi, 2.113Mi/s, 6sTransferred:   	        8 MiB / 19.536 MiB, 41%, 2.000 MiB/s, ETA 5s
Transferred:            0 / 1, 0%
Elapsed time:         4.0s
Transferring:
 *          football_backup_20250725_0500.tar.gz: 40% /19.536Mi, 2.000Mi/s, 5sTransferred:   	    7.340 MiB / 19.536 MiB, 38%, 1.835 MiB/s, ETA 6s
Transferred:            0 / 1, 0%
Elapsed time:         4.0s
Transferring:
 *          football_backup_20250725_0500.tar.gz: 37% /19.536Mi, 1.835Mi/s, 6sTransferred:   	        8 MiB / 19.536 MiB, 41%, 1.835 MiB/s, ETA 6s
Transferred:            0 / 1, 0%
Elapsed time:         4.5s
Transferring:
 *          football_backup_20250725_0500.tar.gz: 40% /19.536Mi, 1.835Mi/s, 6sTransferred:   	   11.527 MiB / 19.536 MiB, 59%, 2.000 MiB/s, ETA 4s
Transferred:            0 / 1, 0%
Elapsed time:         4.5s
Transferring:
 *          football_backup_20250725_0500.tar.gz: 59% /19.536Mi, 2.000Mi/s, 4sTransferred:   	        8 MiB / 19.536 MiB, 41%, 1.600 MiB/s, ETA 7s
Transferred:            0 / 1, 0%
Elapsed time:         5.0s
Transferring:
 *          football_backup_20250725_0500.tar.gz: 40% /19.536Mi, 1.600Mi/s, 7sTransferred:   	   11.527 MiB / 19.536 MiB, 59%, 2.305 MiB/s, ETA 3s
Transferred:            0 / 1, 0%
Elapsed time:         5.0s
Transferring:
 *          football_backup_20250725_0500.tar.gz: 59% /19.536Mi, 2.305Mi/s, 3sTransferred:   	        8 MiB / 19.536 MiB, 41%, 1.600 MiB/s, ETA 7s
Transferred:            0 / 1, 0%
Elapsed time:         5.5s
Transferring:
 *          football_backup_20250725_0500.tar.gz: 40% /19.536Mi, 1.600Mi/s, 7sTransferred:   	   15.871 MiB / 19.536 MiB, 81%, 2.305 MiB/s, ETA 1s
Transferred:            0 / 1, 0%
Elapsed time:         5.5s
Transferring:
 *          football_backup_20250725_0500.tar.gz: 81% /19.536Mi, 2.305Mi/s, 1sTransferred:   	   11.590 MiB / 19.536 MiB, 59%, 1.469 MiB/s, ETA 5s
Transferred:            0 / 1, 0%
Elapsed time:         6.0s
Transferring:
 *          football_backup_20250725_0500.tar.gz: 59% /19.536Mi, 1.490Mi/s, 5sTransferred:   	       16 MiB / 19.536 MiB, 82%, 2.667 MiB/s, ETA 1s
Transferred:            0 / 1, 0%
Elapsed time:         6.0s
Transferring:
 *          football_backup_20250725_0500.tar.gz: 81% /19.536Mi, 2.667Mi/s, 1sTransferred:   	       16 MiB / 19.536 MiB, 82%, 2.667 MiB/s, ETA 1s
Transferred:            0 / 1, 0%
Elapsed time:         6.5s
Transferring:
 *          football_backup_20250725_0500.tar.gz: 81% /19.536Mi, 2.667Mi/s, 1sTransferred:   	   11.590 MiB / 19.536 MiB, 59%, 1.469 MiB/s, ETA 5s
Transferred:            0 / 1, 0%
Elapsed time:         6.5s
Transferring:
 *          football_backup_20250725_0500.tar.gz: 59% /19.536Mi, 1.490Mi/s, 5sTransferred:   	   13.340 MiB / 19.536 MiB, 68%, 1.906 MiB/s, ETA 3s
Transferred:            0 / 1, 0%
Elapsed time:         7.0s
Transferring:
 *          football_backup_20250725_0500.tar.gz: 68% /19.536Mi, 1.906Mi/s, 3sTransferred:   	       16 MiB / 19.536 MiB, 82%, 2.286 MiB/s, ETA 1s
Transferred:            0 / 1, 0%
Elapsed time:         7.0s
Transferring:
 *          football_backup_20250725_0500.tar.gz: 81% /19.536Mi, 2.286Mi/s, 1sTransferred:   	       16 MiB / 19.536 MiB, 82%, 2.286 MiB/s, ETA 1s
Transferred:            0 / 1, 0%
Elapsed time:         7.5s
Transferring:
 *          football_backup_20250725_0500.tar.gz: 81% /19.536Mi, 2.286Mi/s, 1sTransferred:   	       16 MiB / 19.536 MiB, 82%, 1.906 MiB/s, ETA 1s
Transferred:            0 / 1, 0%
Elapsed time:         7.5s
Transferring:
 *          football_backup_20250725_0500.tar.gz: 81% /19.536Mi, 1.906Mi/s, 1sTransferred:   	       16 MiB / 19.536 MiB, 82%, 2.000 MiB/s, ETA 1s
Transferred:            0 / 1, 0%
Elapsed time:         8.0s
Transferring:
 *          football_backup_20250725_0500.tar.gz: 81% /19.536Mi, 2.000Mi/s, 1sTransferred:   	   19.536 MiB / 19.536 MiB, 100%, 2.442 MiB/s, ETA 0s
Transferred:            0 / 1, 0%
Elapsed time:         8.0s
Transferring:
 *          football_backup_20250725_0500.tar.gz:100% /19.536Mi, 2.442Mi/s, 0sTransferred:   	   19.184 MiB / 19.536 MiB, 98%, 2.000 MiB/s, ETA 0s
Transferred:            0 / 1, 0%
Elapsed time:         8.5s
Transferring:
 *          football_backup_20250725_0500.tar.gz: 98% /19.536Mi, 2.000Mi/s, 0sTransferred:   	   19.536 MiB / 19.536 MiB, 100%, 2.442 MiB/s, ETA 0s
Transferred:            0 / 1, 0%
Elapsed time:         8.5s
Transferring:
 *          football_backup_20250725_0500.tar.gz:100% /19.536Mi, 2.442Mi/s, 0sTransferred:   	   19.536 MiB / 19.536 MiB, 100%, 2.171 MiB/s, ETA 0s
Transferred:            0 / 1, 0%
Elapsed time:         9.0s
Transferring:
 *          football_backup_20250725_0500.tar.gz:100% /19.536Mi, 2.171Mi/s, 0sTransferred:   	   19.536 MiB / 19.536 MiB, 100%, 2.171 MiB/s, ETA 0s
Transferred:            0 / 1, 0%
Elapsed time:         9.0s
Transferring:
 *          football_backup_20250725_0500.tar.gz:100% /19.536Mi, 2.171Mi/s, 0sTransferred:   	   19.536 MiB / 19.536 MiB, 100%, 2.171 MiB/s, ETA 0s
Transferred:            0 / 1, 0%
Elapsed time:         9.5s
Transferring:
 *          football_backup_20250725_0500.tar.gz:100% /19.536Mi, 2.171Mi/s, 0sTransferred:   	   19.536 MiB / 19.536 MiB, 100%, 2.171 MiB/s, ETA 0s
Transferred:            0 / 1, 0%
Elapsed time:         9.5s
Transferring:
 *          football_backup_20250725_0500.tar.gz:100% /19.536Mi, 2.171Mi/s, 0sTransferred:   	   19.536 MiB / 19.536 MiB, 100%, 1.954 MiB/s, ETA 0s
Transferred:            0 / 1, 0%
Elapsed time:        10.0s
Transferring:
 *          football_backup_20250725_0500.tar.gz:100% /19.536Mi, 1.954Mi/s, 0sTransferred:   	   19.536 MiB / 19.536 MiB, 100%, 1.954 MiB/s, ETA 0s
Transferred:            0 / 1, 0%
Elapsed time:        10.0s
Transferring:
 *          football_backup_20250725_0500.tar.gz:100% /19.536Mi, 1.954Mi/s, 0sTransferred:   	   19.536 MiB / 19.536 MiB, 100%, 1.954 MiB/s, ETA 0s
Transferred:            1 / 1, 100%
Elapsed time:        10.0s
Transferred:   	   19.536 MiB / 19.536 MiB, 100%, 1.954 MiB/s, ETA 0s
Transferred:            0 / 1, 0%
Elapsed time:        10.5s
Transferring:
 *          football_backup_20250725_0500.tar.gz:100% /19.536Mi, 1.954Mi/s, 0sTransferred:   	   19.536 MiB / 19.536 MiB, 100%, 1.954 MiB/s, ETA 0s
Transferred:            1 / 1, 100%
Elapsed time:        10.7s
